<?xml version="1.0" encoding="UTF-8"?>
<!-- Generated by org.testng.reporters.JUnitReportReporter -->
<testsuite hostname="LAPTOP-M0Q54AIR" failures="0" tests="3" name="files.DynamicJson" time="3.473" errors="0" timestamp="2025-04-15T15:20:35 IST" skipped="0">
  <testcase classname="files.DynamicJson" name="addBook" time="0.411"/>
  <system-out/>
  <testcase classname="files.DynamicJson" name="addBook" time="0.514"/>
  <system-out/>
  <testcase classname="files.DynamicJson" name="addBook" time="2.548"/>
  <system-out/>
</testsuite> <!-- files.DynamicJson -->
