<?xml version="1.0" encoding="UTF-8"?>
<!-- Generated by org.testng.reporters.JUnitReportReporter -->
<testsuite hostname="LAPTOP-M0Q54AIR" failures="0" tests="1" name="myPackage.SumValidation" time="1.874" errors="0" timestamp="2025-04-15T08:50:30 IST" skipped="0">
  <testcase classname="myPackage.SumValidation" name="sumOfCourses" time="1.874"/>
  <system-out/>
</testsuite> <!-- myPackage.SumValidation -->
